<?xml version='1.0' encoding='utf-8'?>
<testsuites tests="11" errors="0" failures="0"><testsuite name="ssp" tests="11" errors="0" failures="0" skipped="0" time="0.07745790481567383"><testcase name="tests/arg0-ownership" classname="ssp" time="0.07745790481567383" /><testcase name="tests/send-signal" classname="ssp" time="0.07011842727661133" /><testcase name="tests/sigpipe" classname="ssp" time="0.0718393325805664" /><testcase name="tests/echo-cat-cat" classname="ssp" time="0.08027911186218262" /><testcase name="tests/single-cat" classname="ssp" time="0.0723884105682373" /><testcase name="tests/dev-null" classname="ssp" time="0.09488439559936523" /><testcase name="tests/true-false" classname="ssp" time="0.08099770545959473" /><testcase name="tests/subreaper-child" classname="ssp" time="0.12430214881896973" /><testcase name="tests/single-sleep" classname="ssp" time="0.17025256156921387" /><testcase name="tests/ssp-wait" classname="ssp" time="0.18271231651306152" /><testcase name="tests/subreaper-grandchild" classname="ssp" time="0.22516751289367676" /></testsuite></testsuites>